{"/Users/oronnadiv/src/garage-door/garage-door-raspberry-client/src/config.js":{"path":"/Users/oronnadiv/src/garage-door/garage-door-raspberry-client/src/config.js","s":{"1":1,"2":1,"3":1,"4":1,"5":1,"6":1,"7":1,"8":1,"9":0,"10":0,"11":1,"12":1,"13":0,"14":0,"15":1,"16":1,"17":0,"18":0,"19":1,"20":1,"21":0,"22":0,"23":1,"24":0,"25":0,"26":1,"27":1,"28":0,"29":0,"30":1},"b":{"1":[1,0],"2":[1,1],"3":[0,1],"4":[0,1],"5":[1,1],"6":[0,1],"7":[0,1],"8":[1,1],"9":[0,1],"10":[0,1],"11":[1,1],"12":[1,1],"13":[1,1],"14":[1,1],"15":[0,1],"16":[0,1],"17":[1,1],"18":[0,1],"19":[0,1]},"f":{},"fnMap":{},"statementMap":{"1":{"start":{"line":1,"column":0},"end":{"line":1,"column":28}},"2":{"start":{"line":2,"column":0},"end":{"line":2,"column":52}},"3":{"start":{"line":3,"column":0},"end":{"line":3,"column":31}},"4":{"start":{"line":4,"column":0},"end":{"line":4,"column":45}},"5":{"start":{"line":6,"column":0},"end":{"line":6,"column":24}},"6":{"start":{"line":7,"column":0},"end":{"line":7,"column":104}},"7":{"start":{"line":9,"column":0},"end":{"line":9,"column":97}},"8":{"start":{"line":10,"column":0},"end":{"line":13,"column":1}},"9":{"start":{"line":11,"column":2},"end":{"line":11,"column":97}},"10":{"start":{"line":12,"column":2},"end":{"line":12,"column":17}},"11":{"start":{"line":15,"column":0},"end":{"line":15,"column":93}},"12":{"start":{"line":16,"column":0},"end":{"line":19,"column":1}},"13":{"start":{"line":17,"column":2},"end":{"line":17,"column":100}},"14":{"start":{"line":18,"column":2},"end":{"line":18,"column":17}},"15":{"start":{"line":21,"column":0},"end":{"line":21,"column":95}},"16":{"start":{"line":22,"column":0},"end":{"line":25,"column":1}},"17":{"start":{"line":23,"column":2},"end":{"line":23,"column":95}},"18":{"start":{"line":24,"column":2},"end":{"line":24,"column":17}},"19":{"start":{"line":27,"column":0},"end":{"line":32,"column":1}},"20":{"start":{"line":33,"column":0},"end":{"line":36,"column":1}},"21":{"start":{"line":34,"column":2},"end":{"line":34,"column":110}},"22":{"start":{"line":35,"column":2},"end":{"line":35,"column":17}},"23":{"start":{"line":37,"column":0},"end":{"line":40,"column":1}},"24":{"start":{"line":38,"column":2},"end":{"line":38,"column":109}},"25":{"start":{"line":39,"column":2},"end":{"line":39,"column":17}},"26":{"start":{"line":42,"column":0},"end":{"line":42,"column":140}},"27":{"start":{"line":43,"column":0},"end":{"line":46,"column":1}},"28":{"start":{"line":44,"column":2},"end":{"line":44,"column":99}},"29":{"start":{"line":45,"column":2},"end":{"line":45,"column":17}},"30":{"start":{"line":48,"column":0},"end":{"line":48,"column":23}}},"branchMap":{"1":{"line":7,"type":"binary-expr","locations":[{"start":{"line":7,"column":28},"end":{"line":7,"column":48}},{"start":{"line":7,"column":52},"end":{"line":7,"column":103}}]},"2":{"line":9,"type":"binary-expr","locations":[{"start":{"line":9,"column":19},"end":{"line":9,"column":41}},{"start":{"line":9,"column":46},"end":{"line":9,"column":96}}]},"3":{"line":9,"type":"cond-expr","locations":[{"start":{"line":9,"column":66},"end":{"line":9,"column":70}},{"start":{"line":9,"column":73},"end":{"line":9,"column":96}}]},"4":{"line":10,"type":"if","locations":[{"start":{"line":10,"column":0},"end":{"line":10,"column":0}},{"start":{"line":10,"column":0},"end":{"line":10,"column":0}}]},"5":{"line":15,"type":"binary-expr","locations":[{"start":{"line":15,"column":17},"end":{"line":15,"column":37}},{"start":{"line":15,"column":42},"end":{"line":15,"column":92}}]},"6":{"line":15,"type":"cond-expr","locations":[{"start":{"line":15,"column":62},"end":{"line":15,"column":66}},{"start":{"line":15,"column":69},"end":{"line":15,"column":92}}]},"7":{"line":16,"type":"if","locations":[{"start":{"line":16,"column":0},"end":{"line":16,"column":0}},{"start":{"line":16,"column":0},"end":{"line":16,"column":0}}]},"8":{"line":21,"type":"binary-expr","locations":[{"start":{"line":21,"column":18},"end":{"line":21,"column":39}},{"start":{"line":21,"column":44},"end":{"line":21,"column":94}}]},"9":{"line":21,"type":"cond-expr","locations":[{"start":{"line":21,"column":64},"end":{"line":21,"column":68}},{"start":{"line":21,"column":71},"end":{"line":21,"column":94}}]},"10":{"line":22,"type":"if","locations":[{"start":{"line":22,"column":0},"end":{"line":22,"column":0}},{"start":{"line":22,"column":0},"end":{"line":22,"column":0}}]},"11":{"line":28,"type":"binary-expr","locations":[{"start":{"line":28,"column":21},"end":{"line":28,"column":47}},{"start":{"line":28,"column":51},"end":{"line":28,"column":53}}]},"12":{"line":29,"type":"binary-expr","locations":[{"start":{"line":29,"column":30},"end":{"line":29,"column":66}},{"start":{"line":29,"column":70},"end":{"line":29,"column":72}}]},"13":{"line":30,"type":"binary-expr","locations":[{"start":{"line":30,"column":27},"end":{"line":30,"column":60}},{"start":{"line":30,"column":64},"end":{"line":30,"column":66}}]},"14":{"line":31,"type":"binary-expr","locations":[{"start":{"line":31,"column":26},"end":{"line":31,"column":58}},{"start":{"line":31,"column":62},"end":{"line":31,"column":64}}]},"15":{"line":33,"type":"if","locations":[{"start":{"line":33,"column":0},"end":{"line":33,"column":0}},{"start":{"line":33,"column":0},"end":{"line":33,"column":0}}]},"16":{"line":37,"type":"if","locations":[{"start":{"line":37,"column":0},"end":{"line":37,"column":0}},{"start":{"line":37,"column":0},"end":{"line":37,"column":0}}]},"17":{"line":42,"type":"binary-expr","locations":[{"start":{"line":42,"column":20},"end":{"line":42,"column":43}},{"start":{"line":42,"column":48},"end":{"line":42,"column":139}}]},"18":{"line":42,"type":"cond-expr","locations":[{"start":{"line":42,"column":68},"end":{"line":42,"column":72}},{"start":{"line":42,"column":75},"end":{"line":42,"column":139}}]},"19":{"line":43,"type":"if","locations":[{"start":{"line":43,"column":0},"end":{"line":43,"column":0}},{"start":{"line":43,"column":0},"end":{"line":43,"column":0}}]}}},"/Users/oronnadiv/src/garage-door/garage-door-raspberry-client/src/logger.js":{"path":"/Users/oronnadiv/src/garage-door/garage-door-raspberry-client/src/logger.js","s":{"1":1,"2":1,"3":1,"4":1,"5":8,"6":8,"7":0,"8":0,"9":1},"b":{"1":[1,1]},"f":{},"fnMap":{},"statementMap":{"1":{"start":{"line":1,"column":0},"end":{"line":1,"column":28}},"2":{"start":{"line":2,"column":0},"end":{"line":2,"column":32}},"3":{"start":{"line":3,"column":0},"end":{"line":3,"column":34}},"4":{"start":{"line":4,"column":0},"end":{"line":41,"column":2}},"5":{"start":{"line":9,"column":23},"end":{"line":9,"column":40}},"6":{"start":{"line":14,"column":23},"end":{"line":14,"column":40}},"7":{"start":{"line":24,"column":23},"end":{"line":24,"column":40}},"8":{"start":{"line":31,"column":23},"end":{"line":31,"column":40}},"9":{"start":{"line":43,"column":0},"end":{"line":43,"column":23}}},"branchMap":{"1":{"line":39,"type":"binary-expr","locations":[{"start":{"line":39,"column":9},"end":{"line":39,"column":30}},{"start":{"line":39,"column":34},"end":{"line":39,"column":40}}]}}},"/Users/oronnadiv/src/garage-door/garage-door-raspberry-client/src/client.js":{"path":"/Users/oronnadiv/src/garage-door/garage-door-raspberry-client/src/client.js","s":{"1":1,"2":1,"3":1,"4":1,"5":1,"6":1,"7":1,"8":1,"9":1,"10":1,"11":1,"12":1,"13":1,"14":1,"15":1,"16":1,"17":1,"18":1,"19":1,"20":1,"21":1,"22":1,"23":1,"24":1,"25":0,"26":0,"27":0,"28":0,"29":1,"30":1,"31":1,"32":1},"b":{},"f":{"1":1,"2":1},"fnMap":{"1":{"name":"(anonymous_1)","line":16,"loc":{"start":{"line":16,"column":14},"end":{"line":16,"column":17}}},"2":{"name":"(anonymous_2)","line":24,"loc":{"start":{"line":24,"column":6},"end":{"line":24,"column":9}}}},"statementMap":{"1":{"start":{"line":1,"column":0},"end":{"line":1,"column":28}},"2":{"start":{"line":2,"column":0},"end":{"line":2,"column":52}},"3":{"start":{"line":3,"column":0},"end":{"line":3,"column":31}},"4":{"start":{"line":4,"column":0},"end":{"line":4,"column":43}},"5":{"start":{"line":5,"column":0},"end":{"line":5,"column":45}},"6":{"start":{"line":7,"column":0},"end":{"line":7,"column":34}},"7":{"start":{"line":8,"column":0},"end":{"line":8,"column":34}},"8":{"start":{"line":9,"column":0},"end":{"line":9,"column":30}},"9":{"start":{"line":10,"column":0},"end":{"line":10,"column":28}},"10":{"start":{"line":11,"column":0},"end":{"line":11,"column":35}},"11":{"start":{"line":12,"column":0},"end":{"line":12,"column":49}},"12":{"start":{"line":13,"column":0},"end":{"line":13,"column":39}},"13":{"start":{"line":17,"column":4},"end":{"line":17,"column":69}},"14":{"start":{"line":18,"column":4},"end":{"line":18,"column":97}},"15":{"start":{"line":19,"column":4},"end":{"line":19,"column":26}},"16":{"start":{"line":20,"column":4},"end":{"line":20,"column":70}},"17":{"start":{"line":21,"column":4},"end":{"line":21,"column":59}},"18":{"start":{"line":25,"column":4},"end":{"line":25,"column":21}},"19":{"start":{"line":26,"column":4},"end":{"line":53,"column":35}},"20":{"start":{"line":28,"column":18},"end":{"line":28,"column":43}},"21":{"start":{"line":29,"column":18},"end":{"line":29,"column":56}},"22":{"start":{"line":30,"column":18},"end":{"line":30,"column":53}},"23":{"start":{"line":32,"column":8},"end":{"line":32,"column":33}},"24":{"start":{"line":33,"column":8},"end":{"line":49,"column":9}},"25":{"start":{"line":40,"column":14},"end":{"line":40,"column":56}},"26":{"start":{"line":41,"column":14},"end":{"line":46,"column":18}},"27":{"start":{"line":44,"column":18},"end":{"line":44,"column":110}},"28":{"start":{"line":45,"column":18},"end":{"line":45,"column":33}},"29":{"start":{"line":50,"column":8},"end":{"line":50,"column":45}},"30":{"start":{"line":52,"column":18},"end":{"line":52,"column":37}},"31":{"start":{"line":53,"column":18},"end":{"line":53,"column":34}},"32":{"start":{"line":57,"column":0},"end":{"line":57,"column":23}}},"branchMap":{}},"/Users/oronnadiv/src/garage-door/garage-door-raspberry-client/src/door.js":{"path":"/Users/oronnadiv/src/garage-door/garage-door-raspberry-client/src/door.js","s":{"1":1,"2":1,"3":1,"4":1,"5":1,"6":1,"7":1,"8":1,"9":1,"10":1,"11":1,"12":1,"13":1,"14":1,"15":1,"16":0,"17":0,"18":0,"19":0,"20":0,"21":0,"22":0,"23":0,"24":0,"25":0,"26":0,"27":0,"28":1,"29":1,"30":1,"31":1,"32":1,"33":0,"34":0,"35":0,"36":0,"37":1,"38":0,"39":0,"40":0,"41":0,"42":0,"43":0,"44":0,"45":0,"46":0,"47":0,"48":1},"b":{"1":[0,0],"2":[0,0],"3":[0,0],"4":[0,0]},"f":{"1":0,"2":1},"fnMap":{"1":{"name":"(anonymous_1)","line":19,"loc":{"start":{"line":19,"column":13},"end":{"line":19,"column":38}}},"2":{"name":"(anonymous_2)","line":51,"loc":{"start":{"line":51,"column":10},"end":{"line":51,"column":13}}}},"statementMap":{"1":{"start":{"line":1,"column":0},"end":{"line":1,"column":28}},"2":{"start":{"line":2,"column":0},"end":{"line":2,"column":52}},"3":{"start":{"line":3,"column":0},"end":{"line":3,"column":31}},"4":{"start":{"line":4,"column":0},"end":{"line":4,"column":49}},"5":{"start":{"line":5,"column":0},"end":{"line":5,"column":43}},"6":{"start":{"line":6,"column":0},"end":{"line":6,"column":45}},"7":{"start":{"line":8,"column":0},"end":{"line":8,"column":34}},"8":{"start":{"line":9,"column":0},"end":{"line":9,"column":34}},"9":{"start":{"line":10,"column":0},"end":{"line":10,"column":51}},"10":{"start":{"line":11,"column":0},"end":{"line":11,"column":79}},"11":{"start":{"line":12,"column":0},"end":{"line":12,"column":48}},"12":{"start":{"line":13,"column":0},"end":{"line":13,"column":35}},"13":{"start":{"line":14,"column":0},"end":{"line":14,"column":53}},"14":{"start":{"line":15,"column":0},"end":{"line":15,"column":43}},"15":{"start":{"line":16,"column":0},"end":{"line":16,"column":26}},"16":{"start":{"line":20,"column":4},"end":{"line":20,"column":21}},"17":{"start":{"line":22,"column":4},"end":{"line":22,"column":50}},"18":{"start":{"line":23,"column":4},"end":{"line":48,"column":8}},"19":{"start":{"line":24,"column":17},"end":{"line":24,"column":157}},"20":{"start":{"line":26,"column":8},"end":{"line":26,"column":49}},"21":{"start":{"line":27,"column":8},"end":{"line":34,"column":10}},"22":{"start":{"line":37,"column":8},"end":{"line":37,"column":58}},"23":{"start":{"line":38,"column":8},"end":{"line":38,"column":30}},"24":{"start":{"line":41,"column":8},"end":{"line":41,"column":54}},"25":{"start":{"line":42,"column":8},"end":{"line":44,"column":51}},"26":{"start":{"line":44,"column":22},"end":{"line":44,"column":50}},"27":{"start":{"line":47,"column":8},"end":{"line":47,"column":37}},"28":{"start":{"line":52,"column":4},"end":{"line":52,"column":27}},"29":{"start":{"line":53,"column":4},"end":{"line":53,"column":21}},"30":{"start":{"line":54,"column":4},"end":{"line":88,"column":7}},"31":{"start":{"line":57,"column":10},"end":{"line":57,"column":39}},"32":{"start":{"line":58,"column":10},"end":{"line":64,"column":12}},"33":{"start":{"line":59,"column":12},"end":{"line":59,"column":42}},"34":{"start":{"line":60,"column":12},"end":{"line":63,"column":14}},"35":{"start":{"line":61,"column":14},"end":{"line":61,"column":43}},"36":{"start":{"line":62,"column":14},"end":{"line":62,"column":20}},"37":{"start":{"line":67,"column":8},"end":{"line":87,"column":16}},"38":{"start":{"line":68,"column":10},"end":{"line":68,"column":40}},"39":{"start":{"line":69,"column":10},"end":{"line":86,"column":43}},"40":{"start":{"line":72,"column":14},"end":{"line":72,"column":43}},"41":{"start":{"line":73,"column":14},"end":{"line":79,"column":15}},"42":{"start":{"line":74,"column":16},"end":{"line":77,"column":61}},"43":{"start":{"line":78,"column":16},"end":{"line":78,"column":22}},"44":{"start":{"line":80,"column":14},"end":{"line":80,"column":42}},"45":{"start":{"line":81,"column":14},"end":{"line":82,"column":52}},"46":{"start":{"line":84,"column":14},"end":{"line":84,"column":43}},"47":{"start":{"line":86,"column":26},"end":{"line":86,"column":42}},"48":{"start":{"line":92,"column":0},"end":{"line":92,"column":21}}},"branchMap":{"1":{"line":24,"type":"cond-expr","locations":[{"start":{"line":24,"column":27},"end":{"line":24,"column":92}},{"start":{"line":24,"column":95},"end":{"line":24,"column":157}}]},"2":{"line":73,"type":"if","locations":[{"start":{"line":73,"column":14},"end":{"line":73,"column":14}},{"start":{"line":73,"column":14},"end":{"line":73,"column":14}}]},"3":{"line":73,"type":"binary-expr","locations":[{"start":{"line":73,"column":18},"end":{"line":73,"column":42}},{"start":{"line":73,"column":46},"end":{"line":73,"column":67}}]},"4":{"line":82,"type":"cond-expr","locations":[{"start":{"line":82,"column":35},"end":{"line":82,"column":41}},{"start":{"line":82,"column":44},"end":{"line":82,"column":51}}]}}},"/Users/oronnadiv/src/garage-door/garage-door-raspberry-client/src/led.js":{"path":"/Users/oronnadiv/src/garage-door/garage-door-raspberry-client/src/led.js","s":{"1":1,"2":1,"3":1,"4":1,"5":1,"6":1,"7":1,"8":2,"9":2,"10":1,"11":1,"12":2,"13":2,"14":0,"15":0,"16":0,"17":0,"18":0,"19":0,"20":1},"b":{"1":[1,0],"2":[1,0],"3":[2,0]},"f":{"1":2,"2":1,"3":1,"4":2},"fnMap":{"1":{"name":"(anonymous_1)","line":11,"loc":{"start":{"line":11,"column":14},"end":{"line":11,"column":26}}},"2":{"name":"(anonymous_2)","line":16,"loc":{"start":{"line":16,"column":10},"end":{"line":16,"column":13}}},"3":{"name":"(anonymous_3)","line":22,"loc":{"start":{"line":22,"column":9},"end":{"line":22,"column":12}}},"4":{"name":"(anonymous_4)","line":28,"loc":{"start":{"line":28,"column":13},"end":{"line":28,"column":16}}}},"statementMap":{"1":{"start":{"line":1,"column":0},"end":{"line":1,"column":28}},"2":{"start":{"line":2,"column":0},"end":{"line":2,"column":52}},"3":{"start":{"line":3,"column":0},"end":{"line":3,"column":31}},"4":{"start":{"line":4,"column":0},"end":{"line":4,"column":43}},"5":{"start":{"line":6,"column":0},"end":{"line":6,"column":34}},"6":{"start":{"line":7,"column":0},"end":{"line":7,"column":35}},"7":{"start":{"line":8,"column":0},"end":{"line":8,"column":53}},"8":{"start":{"line":12,"column":4},"end":{"line":12,"column":20}},"9":{"start":{"line":13,"column":4},"end":{"line":13,"column":18}},"10":{"start":{"line":17,"column":4},"end":{"line":19,"column":36}},"11":{"start":{"line":23,"column":4},"end":{"line":25,"column":36}},"12":{"start":{"line":29,"column":4},"end":{"line":29,"column":21}},"13":{"start":{"line":31,"column":4},"end":{"line":43,"column":8}},"14":{"start":{"line":35,"column":8},"end":{"line":35,"column":34}},"15":{"start":{"line":36,"column":8},"end":{"line":42,"column":10}},"16":{"start":{"line":37,"column":10},"end":{"line":37,"column":36}},"17":{"start":{"line":38,"column":10},"end":{"line":41,"column":12}},"18":{"start":{"line":39,"column":12},"end":{"line":39,"column":37}},"19":{"start":{"line":40,"column":12},"end":{"line":40,"column":18}},"20":{"start":{"line":47,"column":0},"end":{"line":47,"column":20}}},"branchMap":{"1":{"line":17,"type":"cond-expr","locations":[{"start":{"line":18,"column":8},"end":{"line":18,"column":25}},{"start":{"line":19,"column":8},"end":{"line":19,"column":36}}]},"2":{"line":23,"type":"cond-expr","locations":[{"start":{"line":24,"column":8},"end":{"line":24,"column":25}},{"start":{"line":25,"column":8},"end":{"line":25,"column":36}}]},"3":{"line":31,"type":"cond-expr","locations":[{"start":{"line":32,"column":8},"end":{"line":32,"column":25}},{"start":{"line":33,"column":8},"end":{"line":43,"column":8}}]}}},"/Users/oronnadiv/src/garage-door/garage-door-raspberry-client/src/remote-control.js":{"path":"/Users/oronnadiv/src/garage-door/garage-door-raspberry-client/src/remote-control.js","s":{"1":1,"2":1,"3":1,"4":1,"5":1,"6":1,"7":1,"8":1,"9":0,"10":0,"11":0,"12":0,"13":0,"14":0,"15":0,"16":0,"17":0,"18":0,"19":0,"20":0,"21":0,"22":0,"23":0,"24":0,"25":0,"26":0,"27":0,"28":0,"29":0,"30":1},"b":{"1":[0,0],"2":[0,0]},"f":{"1":1,"2":0,"3":0,"4":0,"5":0},"fnMap":{"1":{"name":"(anonymous_1)","line":11,"loc":{"start":{"line":11,"column":14},"end":{"line":11,"column":20}}},"2":{"name":"(anonymous_2)","line":15,"loc":{"start":{"line":15,"column":14},"end":{"line":15,"column":17}}},"3":{"name":"(anonymous_3)","line":31,"loc":{"start":{"line":31,"column":14},"end":{"line":31,"column":17}}},"4":{"name":"(anonymous_4)","line":44,"loc":{"start":{"line":44,"column":17},"end":{"line":44,"column":20}}},"5":{"name":"(anonymous_5)","line":50,"loc":{"start":{"line":50,"column":14},"end":{"line":50,"column":17}}}},"statementMap":{"1":{"start":{"line":1,"column":0},"end":{"line":1,"column":28}},"2":{"start":{"line":2,"column":0},"end":{"line":2,"column":52}},"3":{"start":{"line":3,"column":0},"end":{"line":3,"column":31}},"4":{"start":{"line":4,"column":0},"end":{"line":4,"column":43}},"5":{"start":{"line":6,"column":0},"end":{"line":6,"column":34}},"6":{"start":{"line":7,"column":0},"end":{"line":7,"column":35}},"7":{"start":{"line":8,"column":0},"end":{"line":8,"column":53}},"8":{"start":{"line":12,"column":4},"end":{"line":12,"column":18}},"9":{"start":{"line":16,"column":4},"end":{"line":16,"column":21}},"10":{"start":{"line":18,"column":4},"end":{"line":28,"column":8}},"11":{"start":{"line":20,"column":8},"end":{"line":20,"column":43}},"12":{"start":{"line":21,"column":8},"end":{"line":27,"column":10}},"13":{"start":{"line":22,"column":10},"end":{"line":22,"column":46}},"14":{"start":{"line":23,"column":10},"end":{"line":26,"column":12}},"15":{"start":{"line":24,"column":12},"end":{"line":24,"column":47}},"16":{"start":{"line":25,"column":12},"end":{"line":25,"column":18}},"17":{"start":{"line":32,"column":4},"end":{"line":32,"column":21}},"18":{"start":{"line":34,"column":4},"end":{"line":41,"column":5}},"19":{"start":{"line":35,"column":6},"end":{"line":35,"column":43}},"20":{"start":{"line":36,"column":6},"end":{"line":36,"column":43}},"21":{"start":{"line":37,"column":6},"end":{"line":37,"column":31}},"22":{"start":{"line":39,"column":6},"end":{"line":39,"column":60}},"23":{"start":{"line":40,"column":6},"end":{"line":40,"column":41}},"24":{"start":{"line":45,"column":4},"end":{"line":47,"column":36}},"25":{"start":{"line":51,"column":4},"end":{"line":51,"column":37}},"26":{"start":{"line":52,"column":4},"end":{"line":52,"column":21}},"27":{"start":{"line":54,"column":4},"end":{"line":60,"column":8}},"28":{"start":{"line":58,"column":8},"end":{"line":58,"column":76}},"29":{"start":{"line":59,"column":8},"end":{"line":59,"column":36}},"30":{"start":{"line":64,"column":0},"end":{"line":64,"column":30}}},"branchMap":{"1":{"line":34,"type":"if","locations":[{"start":{"line":34,"column":4},"end":{"line":34,"column":4}},{"start":{"line":34,"column":4},"end":{"line":34,"column":4}}]},"2":{"line":45,"type":"cond-expr","locations":[{"start":{"line":46,"column":8},"end":{"line":46,"column":25}},{"start":{"line":47,"column":8},"end":{"line":47,"column":36}}]}}},"/Users/oronnadiv/src/garage-door/garage-door-raspberry-client/src/socket-io.js":{"path":"/Users/oronnadiv/src/garage-door/garage-door-raspberry-client/src/socket-io.js","s":{"1":1,"2":1,"3":1,"4":1,"5":1,"6":1,"7":1,"8":1,"9":1,"10":1,"11":1,"12":1,"13":1,"14":1,"15":0,"16":0,"17":0,"18":0,"19":0,"20":0,"21":0,"22":0,"23":0,"24":0,"25":0,"26":0,"27":0,"28":0,"29":0,"30":0,"31":0,"32":0,"33":0,"34":0,"35":0,"36":0,"37":0,"38":0,"39":0,"40":0,"41":0,"42":0,"43":0,"44":0,"45":0,"46":0,"47":0,"48":0,"49":0,"50":0,"51":0,"52":0,"53":0,"54":0,"55":0,"56":0,"57":0,"58":0,"59":0,"60":0,"61":0,"62":0,"63":0,"64":0,"65":0,"66":0,"67":1,"68":1,"69":1,"70":1,"71":0,"72":0,"73":0,"74":1,"75":1,"76":1,"77":1,"78":1,"79":1,"80":1,"81":1,"82":1,"83":1,"84":1,"85":1,"86":1,"87":1,"88":1,"89":1},"b":{"1":[0,0],"2":[0,0],"3":[0,0],"4":[0,0],"5":[0,1]},"f":{"1":1,"2":0,"3":0,"4":0,"5":0,"6":0,"7":0,"8":0,"9":0,"10":0,"11":0,"12":1,"13":1},"fnMap":{"1":{"name":"(anonymous_1)","line":17,"loc":{"start":{"line":17,"column":14},"end":{"line":17,"column":28}}},"2":{"name":"(anonymous_2)","line":21,"loc":{"start":{"line":21,"column":11},"end":{"line":21,"column":17}}},"3":{"name":"(anonymous_3)","line":35,"loc":{"start":{"line":35,"column":15},"end":{"line":35,"column":24}}},"4":{"name":"(anonymous_4)","line":39,"loc":{"start":{"line":39,"column":22},"end":{"line":39,"column":25}}},"5":{"name":"(anonymous_5)","line":54,"loc":{"start":{"line":54,"column":20},"end":{"line":54,"column":26}}},"6":{"name":"(anonymous_6)","line":58,"loc":{"start":{"line":58,"column":21},"end":{"line":58,"column":24}}},"7":{"name":"(anonymous_7)","line":62,"loc":{"start":{"line":62,"column":18},"end":{"line":62,"column":27}}},"8":{"name":"(anonymous_8)","line":66,"loc":{"start":{"line":66,"column":13},"end":{"line":66,"column":16}}},"9":{"name":"(anonymous_9)","line":89,"loc":{"start":{"line":89,"column":19},"end":{"line":89,"column":22}}},"10":{"name":"(anonymous_10)","line":104,"loc":{"start":{"line":104,"column":18},"end":{"line":104,"column":24}}},"11":{"name":"(anonymous_11)","line":123,"loc":{"start":{"line":123,"column":16},"end":{"line":123,"column":19}}},"12":{"name":"(anonymous_12)","line":138,"loc":{"start":{"line":138,"column":26},"end":{"line":138,"column":29}}},"13":{"name":"(anonymous_13)","line":172,"loc":{"start":{"line":172,"column":10},"end":{"line":172,"column":20}}}},"statementMap":{"1":{"start":{"line":1,"column":0},"end":{"line":1,"column":28}},"2":{"start":{"line":2,"column":0},"end":{"line":2,"column":52}},"3":{"start":{"line":3,"column":0},"end":{"line":3,"column":31}},"4":{"start":{"line":4,"column":0},"end":{"line":4,"column":49}},"5":{"start":{"line":5,"column":0},"end":{"line":5,"column":43}},"6":{"start":{"line":6,"column":0},"end":{"line":6,"column":45}},"7":{"start":{"line":8,"column":0},"end":{"line":8,"column":34}},"8":{"start":{"line":9,"column":0},"end":{"line":9,"column":38}},"9":{"start":{"line":10,"column":0},"end":{"line":10,"column":51}},"10":{"start":{"line":11,"column":0},"end":{"line":11,"column":79}},"11":{"start":{"line":12,"column":0},"end":{"line":12,"column":35}},"12":{"start":{"line":13,"column":0},"end":{"line":13,"column":35}},"13":{"start":{"line":14,"column":0},"end":{"line":14,"column":26}},"14":{"start":{"line":18,"column":4},"end":{"line":18,"column":34}},"15":{"start":{"line":22,"column":4},"end":{"line":22,"column":39}},"16":{"start":{"line":23,"column":4},"end":{"line":32,"column":5}},"17":{"start":{"line":24,"column":6},"end":{"line":29,"column":7}},"18":{"start":{"line":26,"column":8},"end":{"line":26,"column":40}},"19":{"start":{"line":28,"column":8},"end":{"line":28,"column":56}},"20":{"start":{"line":31,"column":6},"end":{"line":31,"column":31}},"21":{"start":{"line":36,"column":4},"end":{"line":36,"column":49}},"22":{"start":{"line":40,"column":4},"end":{"line":40,"column":39}},"23":{"start":{"line":42,"column":4},"end":{"line":51,"column":5}},"24":{"start":{"line":43,"column":6},"end":{"line":43,"column":23}},"25":{"start":{"line":45,"column":6},"end":{"line":48,"column":7}},"26":{"start":{"line":46,"column":8},"end":{"line":46,"column":41}},"27":{"start":{"line":47,"column":8},"end":{"line":47,"column":34}},"28":{"start":{"line":50,"column":6},"end":{"line":50,"column":42}},"29":{"start":{"line":55,"column":4},"end":{"line":55,"column":48}},"30":{"start":{"line":59,"column":4},"end":{"line":59,"column":38}},"31":{"start":{"line":63,"column":4},"end":{"line":63,"column":51}},"32":{"start":{"line":67,"column":4},"end":{"line":67,"column":30}},"33":{"start":{"line":69,"column":4},"end":{"line":86,"column":5}},"34":{"start":{"line":70,"column":6},"end":{"line":70,"column":23}},"35":{"start":{"line":72,"column":6},"end":{"line":75,"column":7}},"36":{"start":{"line":73,"column":8},"end":{"line":73,"column":41}},"37":{"start":{"line":74,"column":8},"end":{"line":74,"column":34}},"38":{"start":{"line":76,"column":6},"end":{"line":83,"column":56}},"39":{"start":{"line":79,"column":10},"end":{"line":79,"column":49}},"40":{"start":{"line":80,"column":10},"end":{"line":80,"column":28}},"41":{"start":{"line":81,"column":10},"end":{"line":81,"column":63}},"42":{"start":{"line":83,"column":22},"end":{"line":83,"column":55}},"43":{"start":{"line":85,"column":6},"end":{"line":85,"column":33}},"44":{"start":{"line":90,"column":4},"end":{"line":90,"column":36}},"45":{"start":{"line":92,"column":4},"end":{"line":101,"column":5}},"46":{"start":{"line":93,"column":6},"end":{"line":93,"column":23}},"47":{"start":{"line":95,"column":6},"end":{"line":95,"column":50}},"48":{"start":{"line":96,"column":6},"end":{"line":98,"column":62}},"49":{"start":{"line":98,"column":22},"end":{"line":98,"column":61}},"50":{"start":{"line":100,"column":6},"end":{"line":100,"column":39}},"51":{"start":{"line":105,"column":4},"end":{"line":105,"column":45}},"52":{"start":{"line":107,"column":4},"end":{"line":120,"column":5}},"53":{"start":{"line":108,"column":6},"end":{"line":108,"column":23}},"54":{"start":{"line":110,"column":6},"end":{"line":117,"column":61}},"55":{"start":{"line":113,"column":10},"end":{"line":113,"column":53}},"56":{"start":{"line":114,"column":10},"end":{"line":114,"column":28}},"57":{"start":{"line":115,"column":10},"end":{"line":115,"column":63}},"58":{"start":{"line":117,"column":22},"end":{"line":117,"column":60}},"59":{"start":{"line":119,"column":6},"end":{"line":119,"column":38}},"60":{"start":{"line":124,"column":4},"end":{"line":124,"column":32}},"61":{"start":{"line":126,"column":4},"end":{"line":135,"column":5}},"62":{"start":{"line":127,"column":6},"end":{"line":127,"column":23}},"63":{"start":{"line":129,"column":6},"end":{"line":129,"column":75}},"64":{"start":{"line":130,"column":6},"end":{"line":132,"column":59}},"65":{"start":{"line":132,"column":22},"end":{"line":132,"column":58}},"66":{"start":{"line":134,"column":6},"end":{"line":134,"column":36}},"67":{"start":{"line":139,"column":4},"end":{"line":139,"column":43}},"68":{"start":{"line":141,"column":4},"end":{"line":141,"column":21}},"69":{"start":{"line":143,"column":4},"end":{"line":150,"column":5}},"70":{"start":{"line":144,"column":6},"end":{"line":147,"column":7}},"71":{"start":{"line":145,"column":8},"end":{"line":145,"column":55}},"72":{"start":{"line":146,"column":8},"end":{"line":146,"column":32}},"73":{"start":{"line":149,"column":6},"end":{"line":149,"column":51}},"74":{"start":{"line":151,"column":4},"end":{"line":151,"column":42}},"75":{"start":{"line":152,"column":4},"end":{"line":152,"column":86}},"76":{"start":{"line":153,"column":4},"end":{"line":153,"column":29}},"77":{"start":{"line":155,"column":4},"end":{"line":165,"column":54}},"78":{"start":{"line":167,"column":4},"end":{"line":167,"column":32}},"79":{"start":{"line":169,"column":4},"end":{"line":169,"column":84}},"80":{"start":{"line":169,"column":41},"end":{"line":169,"column":83}},"81":{"start":{"line":173,"column":4},"end":{"line":173,"column":27}},"82":{"start":{"line":174,"column":4},"end":{"line":174,"column":32}},"83":{"start":{"line":176,"column":4},"end":{"line":176,"column":21}},"84":{"start":{"line":178,"column":4},"end":{"line":178,"column":26}},"85":{"start":{"line":180,"column":4},"end":{"line":186,"column":8}},"86":{"start":{"line":183,"column":8},"end":{"line":183,"column":49}},"87":{"start":{"line":184,"column":8},"end":{"line":184,"column":26}},"88":{"start":{"line":185,"column":8},"end":{"line":185,"column":45}},"89":{"start":{"line":190,"column":0},"end":{"line":190,"column":25}}},"branchMap":{"1":{"line":24,"type":"if","locations":[{"start":{"line":24,"column":6},"end":{"line":24,"column":6}},{"start":{"line":24,"column":6},"end":{"line":24,"column":6}}]},"2":{"line":24,"type":"binary-expr","locations":[{"start":{"line":24,"column":10},"end":{"line":24,"column":42}},{"start":{"line":24,"column":46},"end":{"line":24,"column":74}}]},"3":{"line":45,"type":"if","locations":[{"start":{"line":45,"column":6},"end":{"line":45,"column":6}},{"start":{"line":45,"column":6},"end":{"line":45,"column":6}}]},"4":{"line":72,"type":"if","locations":[{"start":{"line":72,"column":6},"end":{"line":72,"column":6}},{"start":{"line":72,"column":6},"end":{"line":72,"column":6}}]},"5":{"line":144,"type":"if","locations":[{"start":{"line":144,"column":6},"end":{"line":144,"column":6}},{"start":{"line":144,"column":6},"end":{"line":144,"column":6}}]}}}}