TN:
SF:/Users/oronnadiv/src/garage-door/garage-door-raspberry-client/src/config.js
FNF:0
FNH:0
DA:1,1
DA:2,1
DA:3,1
DA:4,1
DA:6,1
DA:7,1
DA:9,1
DA:10,1
DA:11,0
DA:12,0
DA:15,1
DA:16,1
DA:17,0
DA:18,0
DA:21,1
DA:22,1
DA:23,0
DA:24,0
DA:27,1
DA:33,1
DA:34,0
DA:35,0
DA:37,1
DA:38,0
DA:39,0
DA:42,1
DA:43,1
DA:44,0
DA:45,0
DA:48,1
LF:30
LH:18
BRDA:7,1,0,1
BRDA:7,1,1,0
BRDA:9,2,0,1
BRDA:9,2,1,1
BRDA:9,3,0,0
BRDA:9,3,1,1
BRDA:10,4,0,0
BRDA:10,4,1,1
BRDA:15,5,0,1
BRDA:15,5,1,1
BRDA:15,6,0,0
BRDA:15,6,1,1
BRDA:16,7,0,0
BRDA:16,7,1,1
BRDA:21,8,0,1
BRDA:21,8,1,1
BRDA:21,9,0,0
BRDA:21,9,1,1
BRDA:22,10,0,0
BRDA:22,10,1,1
BRDA:28,11,0,1
BRDA:28,11,1,1
BRDA:29,12,0,1
BRDA:29,12,1,1
BRDA:30,13,0,1
BRDA:30,13,1,1
BRDA:31,14,0,1
BRDA:31,14,1,1
BRDA:33,15,0,0
BRDA:33,15,1,1
BRDA:37,16,0,0
BRDA:37,16,1,1
BRDA:42,17,0,1
BRDA:42,17,1,1
BRDA:42,18,0,0
BRDA:42,18,1,1
BRDA:43,19,0,0
BRDA:43,19,1,1
BRF:38
BRH:27
end_of_record
TN:
SF:/Users/oronnadiv/src/garage-door/garage-door-raspberry-client/src/logger.js
FNF:0
FNH:0
DA:1,1
DA:2,1
DA:3,1
DA:4,1
DA:9,8
DA:14,8
DA:24,0
DA:31,0
DA:43,1
LF:9
LH:7
BRDA:39,1,0,1
BRDA:39,1,1,1
BRF:2
BRH:2
end_of_record
TN:
SF:/Users/oronnadiv/src/garage-door/garage-door-raspberry-client/src/client.js
FN:16,(anonymous_1)
FN:24,(anonymous_2)
FNF:2
FNH:2
FNDA:1,(anonymous_1)
FNDA:1,(anonymous_2)
DA:1,1
DA:2,1
DA:3,1
DA:4,1
DA:5,1
DA:7,1
DA:8,1
DA:9,1
DA:10,1
DA:11,1
DA:12,1
DA:13,1
DA:17,1
DA:18,1
DA:19,1
DA:20,1
DA:21,1
DA:25,1
DA:26,1
DA:28,1
DA:29,1
DA:30,1
DA:32,1
DA:33,1
DA:40,0
DA:41,0
DA:44,0
DA:45,0
DA:50,1
DA:52,1
DA:53,1
DA:57,1
LF:32
LH:28
BRF:0
BRH:0
end_of_record
TN:
SF:/Users/oronnadiv/src/garage-door/garage-door-raspberry-client/src/door.js
FN:19,(anonymous_1)
FN:51,(anonymous_2)
FNF:2
FNH:1
FNDA:0,(anonymous_1)
FNDA:1,(anonymous_2)
DA:1,1
DA:2,1
DA:3,1
DA:4,1
DA:5,1
DA:6,1
DA:8,1
DA:9,1
DA:10,1
DA:11,1
DA:12,1
DA:13,1
DA:14,1
DA:15,1
DA:16,1
DA:20,0
DA:22,0
DA:23,0
DA:24,0
DA:26,0
DA:27,0
DA:37,0
DA:38,0
DA:41,0
DA:42,0
DA:44,0
DA:47,0
DA:52,1
DA:53,1
DA:54,1
DA:57,1
DA:58,1
DA:59,0
DA:60,0
DA:61,0
DA:62,0
DA:67,1
DA:68,0
DA:69,0
DA:72,0
DA:73,0
DA:74,0
DA:78,0
DA:80,0
DA:81,0
DA:84,0
DA:86,0
DA:92,1
LF:48
LH:22
BRDA:24,1,0,0
BRDA:24,1,1,0
BRDA:73,2,0,0
BRDA:73,2,1,0
BRDA:73,3,0,0
BRDA:73,3,1,0
BRDA:82,4,0,0
BRDA:82,4,1,0
BRF:8
BRH:0
end_of_record
TN:
SF:/Users/oronnadiv/src/garage-door/garage-door-raspberry-client/src/led.js
FN:11,(anonymous_1)
FN:16,(anonymous_2)
FN:22,(anonymous_3)
FN:28,(anonymous_4)
FNF:4
FNH:4
FNDA:2,(anonymous_1)
FNDA:1,(anonymous_2)
FNDA:1,(anonymous_3)
FNDA:2,(anonymous_4)
DA:1,1
DA:2,1
DA:3,1
DA:4,1
DA:6,1
DA:7,1
DA:8,1
DA:12,2
DA:13,2
DA:17,1
DA:23,1
DA:29,2
DA:31,2
DA:35,0
DA:36,0
DA:37,0
DA:38,0
DA:39,0
DA:40,0
DA:47,1
LF:20
LH:14
BRDA:17,1,0,1
BRDA:17,1,1,0
BRDA:23,2,0,1
BRDA:23,2,1,0
BRDA:31,3,0,2
BRDA:31,3,1,0
BRF:6
BRH:3
end_of_record
TN:
SF:/Users/oronnadiv/src/garage-door/garage-door-raspberry-client/src/remote-control.js
FN:11,(anonymous_1)
FN:15,(anonymous_2)
FN:31,(anonymous_3)
FN:44,(anonymous_4)
FN:50,(anonymous_5)
FNF:5
FNH:1
FNDA:1,(anonymous_1)
FNDA:0,(anonymous_2)
FNDA:0,(anonymous_3)
FNDA:0,(anonymous_4)
FNDA:0,(anonymous_5)
DA:1,1
DA:2,1
DA:3,1
DA:4,1
DA:6,1
DA:7,1
DA:8,1
DA:12,1
DA:16,0
DA:18,0
DA:20,0
DA:21,0
DA:22,0
DA:23,0
DA:24,0
DA:25,0
DA:32,0
DA:34,0
DA:35,0
DA:36,0
DA:37,0
DA:39,0
DA:40,0
DA:45,0
DA:51,0
DA:52,0
DA:54,0
DA:58,0
DA:59,0
DA:64,1
LF:30
LH:9
BRDA:34,1,0,0
BRDA:34,1,1,0
BRDA:45,2,0,0
BRDA:45,2,1,0
BRF:4
BRH:0
end_of_record
TN:
SF:/Users/oronnadiv/src/garage-door/garage-door-raspberry-client/src/socket-io.js
FN:17,(anonymous_1)
FN:21,(anonymous_2)
FN:35,(anonymous_3)
FN:39,(anonymous_4)
FN:54,(anonymous_5)
FN:58,(anonymous_6)
FN:62,(anonymous_7)
FN:66,(anonymous_8)
FN:89,(anonymous_9)
FN:104,(anonymous_10)
FN:123,(anonymous_11)
FN:138,(anonymous_12)
FN:172,(anonymous_13)
FNF:13
FNH:3
FNDA:1,(anonymous_1)
FNDA:0,(anonymous_2)
FNDA:0,(anonymous_3)
FNDA:0,(anonymous_4)
FNDA:0,(anonymous_5)
FNDA:0,(anonymous_6)
FNDA:0,(anonymous_7)
FNDA:0,(anonymous_8)
FNDA:0,(anonymous_9)
FNDA:0,(anonymous_10)
FNDA:0,(anonymous_11)
FNDA:1,(anonymous_12)
FNDA:1,(anonymous_13)
DA:1,1
DA:2,1
DA:3,1
DA:4,1
DA:5,1
DA:6,1
DA:8,1
DA:9,1
DA:10,1
DA:11,1
DA:12,1
DA:13,1
DA:14,1
DA:18,1
DA:22,0
DA:23,0
DA:24,0
DA:26,0
DA:28,0
DA:31,0
DA:36,0
DA:40,0
DA:42,0
DA:43,0
DA:45,0
DA:46,0
DA:47,0
DA:50,0
DA:55,0
DA:59,0
DA:63,0
DA:67,0
DA:69,0
DA:70,0
DA:72,0
DA:73,0
DA:74,0
DA:76,0
DA:79,0
DA:80,0
DA:81,0
DA:83,0
DA:85,0
DA:90,0
DA:92,0
DA:93,0
DA:95,0
DA:96,0
DA:98,0
DA:100,0
DA:105,0
DA:107,0
DA:108,0
DA:110,0
DA:113,0
DA:114,0
DA:115,0
DA:117,0
DA:119,0
DA:124,0
DA:126,0
DA:127,0
DA:129,0
DA:130,0
DA:132,0
DA:134,0
DA:139,1
DA:141,1
DA:143,1
DA:144,1
DA:145,0
DA:146,0
DA:149,0
DA:151,1
DA:152,1
DA:153,1
DA:155,1
DA:167,1
DA:169,1
DA:173,1
DA:174,1
DA:176,1
DA:178,1
DA:180,1
DA:183,1
DA:184,1
DA:185,1
DA:190,1
LF:88
LH:33
BRDA:24,1,0,0
BRDA:24,1,1,0
BRDA:24,2,0,0
BRDA:24,2,1,0
BRDA:45,3,0,0
BRDA:45,3,1,0
BRDA:72,4,0,0
BRDA:72,4,1,0
BRDA:144,5,0,0
BRDA:144,5,1,1
BRF:10
BRH:1
end_of_record
